2020-02-25 11:00:15 {restartedMain} INFO  c.i.n.NewsAppliactionApplication - Starting NewsAppliactionApplication on 01HW841416 with PID 15320 (C:\Users\1822780\Downloads\newsAppliaction\newsAppliaction\target\classes started by 1822780 in C:\Users\1822780\Downloads\newsAppliaction\newsAppliaction)
2020-02-25 11:00:15 {restartedMain} INFO  c.i.n.NewsAppliactionApplication - No active profile set, falling back to default profiles: default
2020-02-25 11:00:15 {restartedMain} INFO  o.s.b.d.e.DevToolsPropertyDefaultsPostProcessor - Devtools property defaults active! Set 'spring.devtools.add-properties' to 'false' to disable
2020-02-25 11:00:15 {restartedMain} INFO  o.s.b.d.e.DevToolsPropertyDefaultsPostProcessor - For additional web related logging consider setting the 'logging.level.web' property to 'DEBUG'
2020-02-25 11:00:17 {restartedMain} INFO  o.s.d.r.c.RepositoryConfigurationDelegate - Bootstrapping Spring Data MongoDB repositories in DEFAULT mode.
2020-02-25 11:00:17 {restartedMain} INFO  o.s.d.r.c.RepositoryConfigurationDelegate - Finished Spring Data repository scanning in 123ms. Found 1 MongoDB repository interfaces.
2020-02-25 11:00:18 {restartedMain} INFO  o.s.b.w.e.tomcat.TomcatWebServer - Tomcat initialized with port(s): 8080 (http)
2020-02-25 11:00:18 {restartedMain} INFO  o.a.catalina.core.StandardService - Starting service [Tomcat]
2020-02-25 11:00:18 {restartedMain} INFO  o.a.catalina.core.StandardEngine - Starting Servlet engine: [Apache Tomcat/9.0.30]
2020-02-25 11:00:19 {restartedMain} INFO  o.a.c.c.C.[Tomcat].[localhost].[/] - Initializing Spring embedded WebApplicationContext
2020-02-25 11:00:19 {restartedMain} INFO  o.s.web.context.ContextLoader - Root WebApplicationContext: initialization completed in 3568 ms
2020-02-25 11:00:20 {restartedMain} INFO  org.mongodb.driver.cluster - Cluster created with settings {hosts=[localhost:27017], mode=SINGLE, requiredClusterType=UNKNOWN, serverSelectionTimeout='30000 ms', maxWaitQueueSize=500}
2020-02-25 11:00:20 {cluster-ClusterId{value='5e54b0ec2461791d543d2676', description='null'}-localhost:27017} INFO  org.mongodb.driver.connection - Opened connection [connectionId{localValue:1, serverValue:15}] to localhost:27017
2020-02-25 11:00:20 {cluster-ClusterId{value='5e54b0ec2461791d543d2676', description='null'}-localhost:27017} INFO  org.mongodb.driver.cluster - Monitor thread successfully connected to server with description ServerDescription{address=localhost:27017, type=STANDALONE, state=CONNECTED, ok=true, version=ServerVersion{versionList=[4, 2, 3]}, minWireVersion=0, maxWireVersion=8, maxDocumentSize=16777216, logicalSessionTimeoutMinutes=30, roundTripTimeNanos=4377451}
2020-02-25 11:00:20 {restartedMain} WARN  o.s.d.m.c.i.MongoPersistentEntityIndexCreator - Automatic index creation will be disabled by default as of Spring Data MongoDB 3.x.
	Please use 'MongoMappingContext#setAutoIndexCreation(boolean)' or override 'MongoConfigurationSupport#autoIndexCreation()' to be explicit.
	However, we recommend setting up indices manually in an application ready block. You may use index derivation there as well.

	> -----------------------------------------------------------------------------------------
	> @EventListener(ApplicationReadyEvent.class)
	> public void initIndicesAfterStartup() {
	>
	>     IndexOperations indexOps = mongoTemplate.indexOps(DomainType.class);
	>
	>     IndexResolver resolver = new MongoPersistentEntityIndexResolver(mongoMappingContext);
	>     resolver.resolveIndexFor(DomainType.class).forEach(indexOps::ensureIndex);
	> }
	> -----------------------------------------------------------------------------------------

2020-02-25 11:00:20 {restartedMain} INFO  org.mongodb.driver.connection - Opened connection [connectionId{localValue:2, serverValue:16}] to localhost:27017
2020-02-25 11:00:20 {restartedMain} INFO  o.s.b.d.a.OptionalLiveReloadServer - LiveReload server is running on port 35729
2020-02-25 11:00:21 {restartedMain} INFO  o.s.s.c.ThreadPoolTaskExecutor - Initializing ExecutorService 'applicationTaskExecutor'
2020-02-25 11:00:21 {restartedMain} INFO  o.s.b.a.e.web.EndpointLinksResolver - Exposing 2 endpoint(s) beneath base path '/actuator'
2020-02-25 11:00:21 {restartedMain} INFO  o.s.b.w.e.tomcat.TomcatWebServer - Tomcat started on port(s): 8080 (http) with context path ''
2020-02-25 11:00:21 {restartedMain} INFO  c.i.n.NewsAppliactionApplication - Started NewsAppliactionApplication in 6.996 seconds (JVM running for 10.397)
2020-02-25 11:00:21 {restartedMain} ERROR c.i.n.NewsAppliactionApplication - Message logged at error level
2020-02-25 11:00:21 {restartedMain} WARN  c.i.n.NewsAppliactionApplication - Message logged at warn level
2020-02-25 11:00:21 {restartedMain} INFO  c.i.n.NewsAppliactionApplication - Message logged at info level
2020-02-25 11:02:06 {Thread-5} INFO  o.s.s.c.ThreadPoolTaskExecutor - Shutting down ExecutorService 'applicationTaskExecutor'
2020-02-25 11:02:06 {Thread-5} INFO  org.mongodb.driver.connection - Closed connection [connectionId{localValue:2, serverValue:16}] to localhost:27017 because the pool has been closed.
2020-02-25 11:02:07 {restartedMain} INFO   c.i.n.NewsAppliactionApplication - Starting NewsAppliactionApplication on 01HW841416 with PID 15320 (C:\Users\1822780\Downloads\newsAppliaction\newsAppliaction\target\classes started by 1822780 in C:\Users\1822780\Downloads\newsAppliaction\newsAppliaction)
2020-02-25 11:02:07 {restartedMain} INFO   c.i.n.NewsAppliactionApplication - No active profile set, falling back to default profiles: default
2020-02-25 11:02:08 {restartedMain} INFO   o.s.d.r.c.RepositoryConfigurationDelegate - Bootstrapping Spring Data MongoDB repositories in DEFAULT mode.
2020-02-25 11:02:08 {restartedMain} INFO   o.s.d.r.c.RepositoryConfigurationDelegate - Finished Spring Data repository scanning in 59ms. Found 1 MongoDB repository interfaces.
2020-02-25 11:02:10 {restartedMain} INFO   o.s.b.w.e.tomcat.TomcatWebServer - Tomcat initialized with port(s): 8080 (http)
2020-02-25 11:02:10 {restartedMain} INFO   o.a.catalina.core.StandardService - Starting service [Tomcat]
2020-02-25 11:02:10 {restartedMain} INFO   o.a.catalina.core.StandardEngine - Starting Servlet engine: [Apache Tomcat/9.0.30]
2020-02-25 11:02:10 {restartedMain} INFO   o.a.c.c.C.[Tomcat].[localhost].[/] - Initializing Spring embedded WebApplicationContext
2020-02-25 11:02:10 {restartedMain} INFO   o.s.web.context.ContextLoader - Root WebApplicationContext: initialization completed in 3440 ms
2020-02-25 11:02:11 {restartedMain} INFO   org.mongodb.driver.cluster - Cluster created with settings {hosts=[localhost:27017], mode=SINGLE, requiredClusterType=UNKNOWN, serverSelectionTimeout='30000 ms', maxWaitQueueSize=500}
2020-02-25 11:02:11 {cluster-ClusterId{value='5e54b15b2461791d543d2677', description='null'}-localhost:27017} INFO   org.mongodb.driver.connection - Opened connection [connectionId{localValue:3, serverValue:17}] to localhost:27017
2020-02-25 11:02:11 {cluster-ClusterId{value='5e54b15b2461791d543d2677', description='null'}-localhost:27017} INFO   org.mongodb.driver.cluster - Monitor thread successfully connected to server with description ServerDescription{address=localhost:27017, type=STANDALONE, state=CONNECTED, ok=true, version=ServerVersion{versionList=[4, 2, 3]}, minWireVersion=0, maxWireVersion=8, maxDocumentSize=16777216, logicalSessionTimeoutMinutes=30, roundTripTimeNanos=906794}
2020-02-25 11:02:11 {restartedMain} INFO   org.mongodb.driver.connection - Opened connection [connectionId{localValue:4, serverValue:18}] to localhost:27017
2020-02-25 11:02:11 {restartedMain} INFO   o.s.b.d.a.OptionalLiveReloadServer - LiveReload server is running on port 35729
2020-02-25 11:02:11 {restartedMain} INFO   o.s.s.c.ThreadPoolTaskExecutor - Initializing ExecutorService 'applicationTaskExecutor'
2020-02-25 11:02:11 {restartedMain} INFO   o.s.b.a.e.web.EndpointLinksResolver - Exposing 2 endpoint(s) beneath base path '/actuator'
2020-02-25 11:02:11 {restartedMain} INFO   o.s.b.w.e.tomcat.TomcatWebServer - Tomcat started on port(s): 8080 (http) with context path ''
2020-02-25 11:02:11 {restartedMain} INFO   c.i.n.NewsAppliactionApplication - Started NewsAppliactionApplication in 4.249 seconds (JVM running for 120.404)
2020-02-25 11:02:11 {restartedMain} INFO   o.s.b.d.a.ConditionEvaluationDeltaLoggingListener - Condition evaluation unchanged
2020-02-25 11:02:11 {restartedMain} ERROR  c.i.n.NewsAppliactionApplication - Message logged at error level
2020-02-25 11:02:11 {restartedMain} WARN   c.i.n.NewsAppliactionApplication - Message logged at warn level
2020-02-25 11:02:11 {restartedMain} INFO   c.i.n.NewsAppliactionApplication - Message logged at info level
2020-02-25 11:05:17 {Thread-9} INFO   o.s.s.c.ThreadPoolTaskExecutor - Shutting down ExecutorService 'applicationTaskExecutor'
2020-02-25 11:05:17 {Thread-9} INFO   org.mongodb.driver.connection - Closed connection [connectionId{localValue:4, serverValue:18}] to localhost:27017 because the pool has been closed.
